{"uuid":"b2ebe908-cfd4-4cbd-a420-e72909c7ac84","historyId":"c667de6781bd5e421f3e0eb03cebba9","fullName":"com.rossstores.tests.RossStores.testRossStores","labels":[{"name":"package","value":"com.rossstores.tests.RossStores"},{"name":"testClass","value":"com.rossstores.tests.RossStores"},{"name":"testMethod","value":"testRossStores"},{"name":"parentSuite","value":"Default Suite"},{"name":"suite","value":"newRossStores"},{"name":"subSuite","value":"com.rossstores.tests.RossStores"},{"name":"host","value":"US4GSDM0FF14EML"},{"name":"thread","value":"15757@US4GSDM0FF14EML.main(1)"},{"name":"framework","value":"testng"},{"name":"language","value":"java"},{"name":"severity","value":"critical"}],"links":[],"name":"testRossStores","status":"failed","statusDetails":{"known":false,"muted":false,"flaky":false,"message":"expected [:https://www.instagram.com/accounts/login/?next=https%3A%2F%2Fwww.instagram.com%2FRossDressForLess%2F&is_from_rle] but found [https://www.instagram.com/accounts/login/?next=https%3A%2F%2Fwww.instagram.com%2FRossDressForLess%2F&is_from_rle]","trace":"java.lang.AssertionError: expected [:https://www.instagram.com/accounts/login/?next=https%3A%2F%2Fwww.instagram.com%2FRossDressForLess%2F&is_from_rle] but found [https://www.instagram.com/accounts/login/?next=https%3A%2F%2Fwww.instagram.com%2FRossDressForLess%2F&is_from_rle]\n\tat org.testng.Assert.fail(Assert.java:110)\n\tat org.testng.Assert.failNotEquals(Assert.java:1577)\n\tat org.testng.Assert.assertEqualsImpl(Assert.java:149)\n\tat org.testng.Assert.assertEquals(Assert.java:131)\n\tat org.testng.Assert.assertEquals(Assert.java:655)\n\tat org.testng.Assert.assertEquals(Assert.java:665)\n\tat com.rossstores.pages.HomePage.verifySocialLinksInstagram(HomePage.java:778)\n\tat com.rossstores.tests.RossStores.testRossStores(RossStores.java:32)\n\tat java.base/jdk.internal.reflect.DirectMethodHandleAccessor.invoke(DirectMethodHandleAccessor.java:103)\n\tat java.base/java.lang.reflect.Method.invoke(Method.java:580)\n\tat org.testng.internal.invokers.MethodInvocationHelper.invokeMethod(MethodInvocationHelper.java:139)\n\tat org.testng.internal.invokers.TestInvoker.invokeMethod(TestInvoker.java:677)\n\tat org.testng.internal.invokers.TestInvoker.invokeTestMethod(TestInvoker.java:221)\n\tat org.testng.internal.invokers.MethodRunner.runInSequence(MethodRunner.java:50)\n\tat org.testng.internal.invokers.TestInvoker$MethodInvocationAgent.invoke(TestInvoker.java:969)\n\tat org.testng.internal.invokers.TestInvoker.invokeTestMethods(TestInvoker.java:194)\n\tat org.testng.internal.invokers.TestMethodWorker.invokeTestMethods(TestMethodWorker.java:148)\n\tat org.testng.internal.invokers.TestMethodWorker.run(TestMethodWorker.java:128)\n\tat java.base/java.util.ArrayList.forEach(ArrayList.java:1597)\n\tat org.testng.TestRunner.privateRun(TestRunner.java:829)\n\tat org.testng.TestRunner.run(TestRunner.java:602)\n\tat org.testng.SuiteRunner.runTest(SuiteRunner.java:437)\n\tat org.testng.SuiteRunner.runSequentially(SuiteRunner.java:431)\n\tat org.testng.SuiteRunner.privateRun(SuiteRunner.java:391)\n\tat org.testng.SuiteRunner.run(SuiteRunner.java:330)\n\tat org.testng.SuiteRunnerWorker.runSuite(SuiteRunnerWorker.java:52)\n\tat org.testng.SuiteRunnerWorker.run(SuiteRunnerWorker.java:95)\n\tat org.testng.TestNG.runSuitesSequentially(TestNG.java:1256)\n\tat org.testng.TestNG.runSuitesLocally(TestNG.java:1176)\n\tat org.testng.TestNG.runSuites(TestNG.java:1099)\n\tat org.testng.TestNG.run(TestNG.java:1067)\n\tat com.intellij.rt.testng.IDEARemoteTestNG.run(IDEARemoteTestNG.java:66)\n\tat com.intellij.rt.testng.RemoteTestNGStarter.main(RemoteTestNGStarter.java:109)\n"},"stage":"finished","steps":[{"name":"Ddsdiscount test","status":"failed","statusDetails":{"known":false,"muted":false,"flaky":false,"message":"expected [:https://www.instagram.com/accounts/login/?next=https%3A%2F%2Fwww.instagram.com%2FRossDressForLess%2F&is_from_rle] but found [https://www.instagram.com/accounts/login/?next=https%3A%2F%2Fwww.instagram.com%2FRossDressForLess%2F&is_from_rle]","trace":"java.lang.AssertionError: expected [:https://www.instagram.com/accounts/login/?next=https%3A%2F%2Fwww.instagram.com%2FRossDressForLess%2F&is_from_rle] but found [https://www.instagram.com/accounts/login/?next=https%3A%2F%2Fwww.instagram.com%2FRossDressForLess%2F&is_from_rle]\n\tat org.testng.Assert.fail(Assert.java:110)\n\tat org.testng.Assert.failNotEquals(Assert.java:1577)\n\tat org.testng.Assert.assertEqualsImpl(Assert.java:149)\n\tat org.testng.Assert.assertEquals(Assert.java:131)\n\tat org.testng.Assert.assertEquals(Assert.java:655)\n\tat org.testng.Assert.assertEquals(Assert.java:665)\n\tat com.rossstores.pages.HomePage.verifySocialLinksInstagram(HomePage.java:778)\n\tat com.rossstores.tests.RossStores.testRossStores(RossStores.java:32)\n\tat java.base/jdk.internal.reflect.DirectMethodHandleAccessor.invoke(DirectMethodHandleAccessor.java:103)\n\tat java.base/java.lang.reflect.Method.invoke(Method.java:580)\n\tat org.testng.internal.invokers.MethodInvocationHelper.invokeMethod(MethodInvocationHelper.java:139)\n\tat org.testng.internal.invokers.TestInvoker.invokeMethod(TestInvoker.java:677)\n\tat org.testng.internal.invokers.TestInvoker.invokeTestMethod(TestInvoker.java:221)\n\tat org.testng.internal.invokers.MethodRunner.runInSequence(MethodRunner.java:50)\n\tat org.testng.internal.invokers.TestInvoker$MethodInvocationAgent.invoke(TestInvoker.java:969)\n\tat org.testng.internal.invokers.TestInvoker.invokeTestMethods(TestInvoker.java:194)\n\tat org.testng.internal.invokers.TestMethodWorker.invokeTestMethods(TestMethodWorker.java:148)\n\tat org.testng.internal.invokers.TestMethodWorker.run(TestMethodWorker.java:128)\n\tat java.base/java.util.ArrayList.forEach(ArrayList.java:1597)\n\tat org.testng.TestRunner.privateRun(TestRunner.java:829)\n\tat org.testng.TestRunner.run(TestRunner.java:602)\n\tat org.testng.SuiteRunner.runTest(SuiteRunner.java:437)\n\tat org.testng.SuiteRunner.runSequentially(SuiteRunner.java:431)\n\tat org.testng.SuiteRunner.privateRun(SuiteRunner.java:391)\n\tat org.testng.SuiteRunner.run(SuiteRunner.java:330)\n\tat org.testng.SuiteRunnerWorker.runSuite(SuiteRunnerWorker.java:52)\n\tat org.testng.SuiteRunnerWorker.run(SuiteRunnerWorker.java:95)\n\tat org.testng.TestNG.runSuitesSequentially(TestNG.java:1256)\n\tat org.testng.TestNG.runSuitesLocally(TestNG.java:1176)\n\tat org.testng.TestNG.runSuites(TestNG.java:1099)\n\tat org.testng.TestNG.run(TestNG.java:1067)\n\tat com.intellij.rt.testng.IDEARemoteTestNG.run(IDEARemoteTestNG.java:66)\n\tat com.intellij.rt.testng.RemoteTestNGStarter.main(RemoteTestNGStarter.java:109)\n"},"stage":"finished","steps":[{"name":"Sign in Modal Window Displayed","status":"passed","stage":"finished","steps":[],"attachments":[],"parameters":[],"start":1718732107975,"stop":1718732107976},{"name":"Check that HomePage Texts And Tittles displayed as expected.","status":"passed","stage":"finished","steps":[],"attachments":[],"parameters":[],"start":1718732116025,"stop":1718732116026},{"name":"Check that HomePage Logo And Image displayed as expected.","status":"passed","stage":"finished","steps":[],"attachments":[],"parameters":[],"start":1718732118571,"stop":1718732118572},{"name":"The user navigates to the footer links","status":"passed","stage":"finished","steps":[],"attachments":[],"parameters":[],"start":1718732118887,"stop":1718732118887},{"name":"The user verify all links on home page","status":"passed","stage":"finished","steps":[],"attachments":[],"parameters":[],"start":1718732127092,"stop":1718732127092},{"name":"The user navigates to the nav menu links","status":"passed","stage":"finished","steps":[],"attachments":[],"parameters":[],"start":1718732144019,"stop":1718732144019},{"name":"The user clicks LearMore button on Module 2 and navigates to CC Page","status":"passed","stage":"finished","steps":[],"attachments":[],"parameters":[],"start":1718732145606,"stop":1718732145606},{"name":"The user clicks shopGiftCard button navigates to gift card Page","status":"passed","stage":"finished","steps":[],"attachments":[],"parameters":[],"start":1718732151652,"stop":1718732151652},{"name":"The user clicks applyToday button  and navigates to JOB Page","status":"passed","stage":"finished","steps":[],"attachments":[],"parameters":[],"start":1718732156807,"stop":1718732156807},{"name":"The user clicks getInspired button and navigates to FoundInStore Page","status":"passed","stage":"finished","steps":[],"attachments":[],"parameters":[],"start":1718732165304,"stop":1718732165304},{"name":"The user clicks EmailSignUp on Nav menu Social LINKS","status":"passed","stage":"finished","steps":[],"attachments":[],"parameters":[],"start":1718732171789,"stop":1718732171789},{"name":"The user clicks unsubcribe on emailsignup page","status":"passed","stage":"finished","steps":[],"attachments":[],"parameters":[],"start":1718732176960,"stop":1718732176960},{"name":"The user clicks instagram on Nav menu Social LINKS and verify URL and Tittle","status":"passed","stage":"finished","steps":[],"attachments":[],"parameters":[],"start":1718732186132,"stop":1718732186132}],"attachments":[],"parameters":[],"start":1718732107975,"stop":1718732192932}],"attachments":[],"parameters":[],"start":1718732107954,"stop":1718732192936}